<?xml version="1.0" encoding="UTF-8"?>
<!-- Generated by org.testng.reporters.JUnitReportReporter -->
<testsuite hostname="5CG1378HMZ" failures="0" tests="1" name="webAutomation.shadowElements" time="22.356" errors="0" timestamp="2023-01-24T14:21:22 IST" skipped="0">
  <testcase classname="webAutomation.shadowElements" name="openAnyWhereTest2" time="22.356"/>
  <system-out/>
</testsuite> <!-- webAutomation.shadowElements -->
