<?xml version="1.0" encoding="UTF-8"?>
<!-- Generated by org.testng.reporters.JUnitReportReporter -->
<testsuite hostname="5CG1378HMZ" failures="0" tests="1" name="webAutomation.NewTestTest" time="13.828" errors="0" timestamp="2022-09-20T14:03:03 IST" skipped="0">
  <testcase classname="webAutomation.NewTestTest" name="validatePageTitle" time="13.828"/>
  <system-out/>
</testsuite> <!-- webAutomation.NewTestTest -->
