<?xml version="1.0" encoding="UTF-8"?>
<!-- Generated by org.testng.reporters.JUnitReportReporter -->
<testsuite hostname="5CG1378HMZ" failures="0" tests="1" name="webAutomation.NewTestTest" time="18.201" errors="0" timestamp="2022-09-09T15:52:02 IST" skipped="0">
  <testcase classname="webAutomation.NewTestTest" name="validatePageTitle" time="18.201"/>
  <system-out/>
</testsuite> <!-- webAutomation.NewTestTest -->
