<?xml version="1.0" encoding="UTF-8"?>
<!-- Generated by org.testng.reporters.JUnitReportReporter -->
<testsuite hostname="5CG1378HMZ" failures="0" tests="1" name="webAutomation.shadowElements" time="20.154" errors="0" timestamp="25 Aug 2022 09:51:38 GMT">
  <testcase classname="webAutomation.shadowElements" name="testShadowElement" time="20.154"/>
</testsuite> <!-- webAutomation.shadowElements -->
