<?xml version="1.0" encoding="UTF-8"?>
<!-- Generated by org.testng.reporters.JUnitReportReporter -->
<testsuite hostname="5CG1378HMZ" failures="0" tests="1" name="apiAutomation.restAssuredAPITesting" time="5.667" errors="0" timestamp="2023-01-19T15:19:57 IST" skipped="0">
  <testcase classname="apiAutomation.restAssuredAPITesting" name="AuthenticationBasics" time="5.667"/>
  <system-out/>
</testsuite> <!-- apiAutomation.restAssuredAPITesting -->
