<?xml version="1.0" encoding="UTF-8"?>
<!-- Generated by org.testng.reporters.JUnitReportReporter -->
<testsuite hostname="5CG1378HMZ" failures="0" tests="1" name="webAutomation.shadowElements" time="0.113" errors="0" timestamp="16 Aug 2022 04:24:33 GMT">
  <testcase classname="webAutomation.shadowElements" name="testShadowRootElement2" time="0.113"/>
</testsuite> <!-- webAutomation.shadowElements -->
