<?xml version="1.0" encoding="UTF-8"?>
<!-- Generated by org.testng.reporters.JUnitReportReporter -->
<testsuite hostname="5CG1378HMZ" failures="0" tests="1" name="webAutomation.NewTestTest" time="27.039" errors="0" timestamp="2022-10-13T18:52:47 IST" skipped="0">
  <testcase classname="webAutomation.NewTestTest" name="validatePageTitle1" time="27.039"/>
  <system-out/>
</testsuite> <!-- webAutomation.NewTestTest -->
